<?xml version="1.0" encoding="UTF-8"?>
<testng-results ignored="0" total="1" passed="1" failed="0" skipped="0">
  <reporter-output>
    <line>
      <![CDATA[Browser session started]]>
    </line>
    <line>
      <![CDATA[Land on SignIt Online Dashboard]]>
    </line>
    <line>
      <![CDATA[Browser session ended]]>
    </line>
  </reporter-output>
  <suite started-at="2023-12-07T14:12:18 IST" name="Default suite" finished-at="2023-12-07T14:14:57 IST" duration-ms="159490">
    <groups>
    </groups>
    <test started-at="2023-12-07T14:12:18 IST" name="Default test" finished-at="2023-12-07T14:14:57 IST" duration-ms="159490">
      <class name="org.signitonline.testcase.Resend_Docket">
        <test-method is-config="true" signature="setup()[pri:0, instance:org.signitonline.testcase.Resend_Docket@533bda92]" started-at="2023-12-07T14:12:18 IST" name="setup" finished-at="2023-12-07T14:12:45 IST" duration-ms="26970" status="PASS">
          <reporter-output>
            <line>
              <![CDATA[Browser session started]]>
            </line>
          </reporter-output>
        </test-method> <!-- setup -->
        <test-method signature="resend_docket_fun()[pri:0, instance:org.signitonline.testcase.Resend_Docket@533bda92]" started-at="2023-12-07T14:12:45 IST" name="resend_docket_fun" finished-at="2023-12-07T14:14:53 IST" duration-ms="128223" status="PASS">
          <reporter-output>
            <line>
              <![CDATA[Land on SignIt Online Dashboard]]>
            </line>
          </reporter-output>
        </test-method> <!-- resend_docket_fun -->
        <test-method is-config="true" signature="tearDown()[pri:0, instance:org.signitonline.testcase.Resend_Docket@533bda92]" started-at="2023-12-07T14:14:53 IST" name="tearDown" finished-at="2023-12-07T14:14:57 IST" duration-ms="4141" status="PASS">
          <reporter-output>
            <line>
              <![CDATA[Browser session ended]]>
            </line>
          </reporter-output>
        </test-method> <!-- tearDown -->
      </class> <!-- org.signitonline.testcase.Resend_Docket -->
    </test> <!-- Default test -->
  </suite> <!-- Default suite -->
</testng-results>
